<?xml version="1.0" encoding="UTF-8"?>
<!-- Generated by org.testng.reporters.JUnitXMLReporter -->
<testsuite ignored="0" hostname="Poonam" failures="0" tests="5" name="Default test" time="139.999" errors="0" timestamp="2023-06-22T13:53:03 IST">
  <testcase classname="com.page.ReservationPage" name="Check_RoomType" time="0.082"/>
  <testcase classname="com.page.ReservationPage" name="numOfLinkPresent" time="0.077"/>
  <testcase classname="com.page.ReservationPage" name="verifyAccessibilityButton" time="0.098"/>
  <testcase classname="com.page.ReservationPage" name="verifyModifyButton" time="0.068"/>
  <testcase classname="com.page.ReservationPage" name="verify_Title" time="0.022"/>
</testsuite> <!-- Default test -->
