<?xml version="1.0" encoding="UTF-8"?>
<!-- Generated by org.testng.reporters.JUnitXMLReporter -->
<testsuite ignored="0" hostname="Poonam" failures="0" tests="5" name="Default test" time="160.894" errors="0" timestamp="2023-03-20T20:05:03 IST">
  <testcase classname="com.page.ReservationPage" name="Check_RoomType" time="0.049"/>
  <testcase classname="com.page.ReservationPage" name="numOfLinkPresent" time="0.057"/>
  <testcase classname="com.page.ReservationPage" name="verifyAccessibilityButton" time="0.049"/>
  <testcase classname="com.page.ReservationPage" name="verifyModifyButton" time="0.044"/>
  <testcase classname="com.page.ReservationPage" name="verify_Title" time="0.018"/>
</testsuite> <!-- Default test -->
